#
# There is insufficient memory for the Java Runtime Environment to continue.
# Native memory allocation (malloc) failed to allocate 2529136 bytes for Chunk::new
# Possible reasons:
#   The system is out of physical RAM or swap space
#   In 32 bit mode, the process size limit was hit
# Possible solutions:
#   Reduce memory load on the system
#   Increase physical memory or swap space
#   Check if swap backing store is full
#   Use 64 bit Java on a 64 bit OS
#   Decrease Java heap size (-Xmx/-Xms)
#   Decrease number of Java threads
#   Decrease Java thread stack sizes (-Xss)
#   Set larger code cache with -XX:ReservedCodeCacheSize=
# This output file may be truncated or incomplete.
#
#  Out of Memory Error (allocation.cpp:390), pid=5952, tid=0x00000000000003e4
#
# JRE version: Java(TM) SE Runtime Environment (8.0_101-b13) (build 1.8.0_101-b13)
# Java VM: Java HotSpot(TM) 64-Bit Server VM (25.101-b13 mixed mode windows-amd64 compressed oops)
# Failed to write core dump. Minidumps are not enabled by default on client versions of Windows
#

---------------  T H R E A D  ---------------

Current thread (0x0000000017161000):  JavaThread "C2 CompilerThread0" daemon [_thread_in_native, id=996, stack(0x0000000018820000,0x0000000018920000)]

Stack: [0x0000000018820000,0x0000000018920000]
[error occurred during error reporting (printing stack bounds), id 0xc0000005]

Native frames: (J=compiled Java code, j=interpreted, Vv=VM code, C=native code)


Current CompileTask:
C2:  11623 4418       4       com.sun.beans.TypeResolver::resolve (37 bytes)


---------------  P R O C E S S  ---------------

Java Threads: ( => current thread )
  0x000000001e4b1800 JavaThread "DestroyJavaVM" [_thread_blocked, id=1260, stack(0x0000000002390000,0x0000000002490000)]
  0x000000001e4b0000 JavaThread "http-nio-80-AsyncTimeout" daemon [_thread_blocked, id=2964, stack(0x00000000208d0000,0x00000000209d0000)]
  0x000000001e4af000 JavaThread "http-nio-80-Acceptor-0" daemon [_thread_in_native, id=4328, stack(0x00000000207d0000,0x00000000208d0000)]
  0x000000001e4b2000 JavaThread "http-nio-80-ClientPoller-1" daemon [_thread_in_native, id=1996, stack(0x00000000205d0000,0x00000000206d0000)]
  0x000000001e4ae800 JavaThread "http-nio-80-ClientPoller-0" daemon [_thread_in_native, id=3124, stack(0x00000000204d0000,0x00000000205d0000)]
  0x000000001e4ad800 JavaThread "NioBlockingSelector.BlockPoller-1" daemon [_thread_in_native, id=7308, stack(0x000000001efc0000,0x000000001f0c0000)]
  0x000000001e4ac000 JavaThread "cron4j::scheduler[68a50e990c6c82aa2e179f3e00000157beac3f934fb1af1d]::timer[68a50e990c6c82aa2e179f3e00000157beac450c259b0145]" [_thread_blocked, id=5408, stack(0x000000001eec0000,0x000000001efc0000)]
  0x000000001e4ad000 JavaThread "pool-3-thread-1" [_thread_blocked, id=1564, stack(0x000000001edc0000,0x000000001eec0000)]
  0x000000001e4ab800 JavaThread "Thread-1" daemon [_thread_in_native, id=4868, stack(0x000000001ecc0000,0x000000001edc0000)]
  0x000000001941c800 JavaThread "container-0" [_thread_blocked, id=5716, stack(0x000000001e9c0000,0x000000001eac0000)]
  0x0000000019566000 JavaThread "ContainerBackgroundProcessor[StandardEngine[Tomcat]]" daemon [_thread_blocked, id=4980, stack(0x000000001e8c0000,0x000000001e9c0000)]
  0x000000001abe1800 JavaThread "localhost-startStop-1" daemon [_thread_blocked, id=4880, stack(0x000000001cfa0000,0x000000001d0a0000)]
  0x000000001ca2b800 JavaThread "Tomcat-startStop-1" daemon [_thread_blocked, id=3716, stack(0x000000001b6d0000,0x000000001b7d0000)]
  0x00000000195b7800 JavaThread "RMI TCP Accept-0" daemon [_thread_in_native, id=5844, stack(0x0000000019d00000,0x0000000019e00000)]
  0x00000000195ad800 JavaThread "RMI TCP Accept-51579" daemon [_thread_in_native, id=6044, stack(0x0000000019c00000,0x0000000019d00000)]
  0x0000000019569800 JavaThread "RMI TCP Accept-0" daemon [_thread_in_native, id=8804, stack(0x0000000019b00000,0x0000000019c00000)]
  0x00000000171bd000 JavaThread "Service Thread" daemon [_thread_blocked, id=8416, stack(0x0000000018f20000,0x0000000019020000)]
  0x0000000017176000 JavaThread "C1 CompilerThread2" daemon [_thread_blocked, id=748, stack(0x0000000018a20000,0x0000000018b20000)]
  0x0000000017163000 JavaThread "C2 CompilerThread1" daemon [_thread_in_native, id=5936, stack(0x0000000018920000,0x0000000018a20000)]
=>0x0000000017161000 JavaThread "C2 CompilerThread0" daemon [_thread_in_native, id=996, stack(0x0000000018820000,0x0000000018920000)]
  0x000000001715f800 JavaThread "Attach Listener" daemon [_thread_blocked, id=512, stack(0x0000000018720000,0x0000000018820000)]
  0x000000001715e800 JavaThread "Signal Dispatcher" daemon [_thread_blocked, id=7984, stack(0x0000000018620000,0x0000000018720000)]
  0x000000001714a800 JavaThread "Finalizer" daemon [_thread_blocked, id=6776, stack(0x00000000183b0000,0x00000000184b0000)]
  0x0000000017129000 JavaThread "Reference Handler" daemon [_thread_blocked, id=2524, stack(0x00000000182b0000,0x00000000183b0000)]

Other Threads:
  0x0000000017127000 VMThread [stack: 0x00000000181b0000,0x00000000182b0000] [id=7324]
  0x00000000195bc000 WatcherThread [stack: 0x0000000019e00000,0x0000000019f00000] [id=2700]

VM state:not at safepoint (normal execution)

VM Mutex/Monitor currently owned by a thread: None

Heap:
 PSYoungGen      total 155136K, used 24144K [0x00000000d5f00000, 0x00000000e3a80000, 0x0000000100000000)
  eden space 141824K, 7% used [0x00000000d5f00000,0x00000000d6997738,0x00000000de980000)
  from space 13312K, 99% used [0x00000000dff80000,0x00000000e0c7cca8,0x00000000e0c80000)
  to   space 22528K, 0% used [0x00000000de980000,0x00000000de980000,0x00000000dff80000)
 ParOldGen       total 62976K, used 32094K [0x0000000081c00000, 0x0000000085980000, 0x00000000d5f00000)
  object space 62976K, 50% used [0x0000000081c00000,0x0000000083b57830,0x0000000085980000)
 Metaspace       used 37742K, capacity 38426K, committed 38528K, reserved 1083392K
  class space    used 4760K, capacity 4943K, committed 4992K, reserved 1048576K

Card table byte_map: [0x00000000119f0000,0x0000000011df0000] byte_map_base: 0x00000000115e2000

Marking Bits: (ParMarkBitMap*) 0x0000000066d9a6d0
 Begin Bits: [0x00000000124a0000, 0x0000000014430000)
 End Bits:   [0x0000000014430000, 0x00000000163c0000)

Polling page: 0x0000000000b40000

CodeCache: size=245760Kb used=14996Kb max_used=15054Kb free=230764Kb
 bounds [0x0000000002630000, 0x0000000003500000, 0x0000000011630000]
 total_blobs=4500 nmethods=4064 adapters=348
 compilation: enabled

Compilation events (10 events):
Event: 11.418 Thread 0x0000000017176000 4690       1       sun.util.locale.BaseLocale::getScript (5 bytes)
Event: 11.418 Thread 0x0000000017176000 nmethod 4690 0x0000000003087390 code [0x00000000030874e0, 0x00000000030875f0]
Event: 11.434 Thread 0x0000000017176000 4691       2       org.apache.catalina.core.DefaultInstanceManager::findLifecycleCallback (126 bytes)
Event: 11.436 Thread 0x0000000017176000 nmethod 4691 0x0000000002ecb910 code [0x0000000002ecbba0, 0x0000000002ecc5a8]
Event: 11.459 Thread 0x0000000017176000 4692       2       org.springframework.core.ResolvableType$WildcardBounds::get (134 bytes)
Event: 11.460 Thread 0x0000000017176000 nmethod 4692 0x0000000002bcb150 code [0x0000000002bcb360, 0x0000000002bcba88]
Event: 11.460 Thread 0x0000000017176000 4693       2       org.springframework.core.annotation.AnnotationAwareOrderComparator::findOrder (139 bytes)
Event: 11.462 Thread 0x0000000017176000 nmethod 4693 0x00000000030f7c90 code [0x00000000030f7f20, 0x00000000030f8ab8]
Event: 11.462 Thread 0x0000000017176000 4694       2       java.util.concurrent.ConcurrentHashMap$BaseIterator::remove (37 bytes)
Event: 11.462 Thread 0x0000000017176000 nmethod 4694 0x00000000030f7790 code [0x00000000030f7900, 0x00000000030f7b58]

GC Heap History (10 events):
Event: 5.640 GC heap before
{Heap before GC invocations=8 (full 1):
 PSYoungGen      total 109568K, used 106461K [0x00000000d5f00000, 0x00000000dd800000, 0x0000000100000000)
  eden space 101376K, 100% used [0x00000000d5f00000,0x00000000dc200000,0x00000000dc200000)
  from space 8192K, 62% used [0x00000000dd000000,0x00000000dd4f74f0,0x00000000dd800000)
  to   space 11264K, 0% used [0x00000000dc200000,0x00000000dc200000,0x00000000dcd00000)
 ParOldGen       total 62976K, used 9579K [0x0000000081c00000, 0x0000000085980000, 0x00000000d5f00000)
  object space 62976K, 15% used [0x0000000081c00000,0x000000008255af30,0x0000000085980000)
 Metaspace       used 29354K, capacity 29676K, committed 29952K, reserved 1075200K
  class space    used 3665K, capacity 3771K, committed 3840K, reserved 1048576K
Event: 5.660 GC heap after
Heap after GC invocations=8 (full 1):
 PSYoungGen      total 112640K, used 11258K [0x00000000d5f00000, 0x00000000e0c80000, 0x0000000100000000)
  eden space 101376K, 0% used [0x00000000d5f00000,0x00000000d5f00000,0x00000000dc200000)
  from space 11264K, 99% used [0x00000000dc200000,0x00000000dccfeae8,0x00000000dcd00000)
  to   space 13312K, 0% used [0x00000000dff80000,0x00000000dff80000,0x00000000e0c80000)
 ParOldGen       total 62976K, used 9892K [0x0000000081c00000, 0x0000000085980000, 0x00000000d5f00000)
  object space 62976K, 15% used [0x0000000081c00000,0x00000000825a9340,0x0000000085980000)
 Metaspace       used 29354K, capacity 29676K, committed 29952K, reserved 1075200K
  class space    used 3665K, capacity 3771K, committed 3840K, reserved 1048576K
}
Event: 6.848 GC heap before
{Heap before GC invocations=9 (full 1):
 PSYoungGen      total 112640K, used 112634K [0x00000000d5f00000, 0x00000000e0c80000, 0x0000000100000000)
  eden space 101376K, 100% used [0x00000000d5f00000,0x00000000dc200000,0x00000000dc200000)
  from space 11264K, 99% used [0x00000000dc200000,0x00000000dccfeae8,0x00000000dcd00000)
  to   space 13312K, 0% used [0x00000000dff80000,0x00000000dff80000,0x00000000e0c80000)
 ParOldGen       total 62976K, used 9892K [0x0000000081c00000, 0x0000000085980000, 0x00000000d5f00000)
  object space 62976K, 15% used [0x0000000081c00000,0x00000000825a9340,0x0000000085980000)
 Metaspace       used 30781K, capacity 31184K, committed 31360K, reserved 1077248K
  class space    used 3824K, capacity 3953K, committed 3968K, reserved 1048576K
Event: 6.887 GC heap after
Heap after GC invocations=9 (full 1):
 PSYoungGen      total 158208K, used 13290K [0x00000000d5f00000, 0x00000000e1c80000, 0x0000000100000000)
  eden space 144896K, 0% used [0x00000000d5f00000,0x00000000d5f00000,0x00000000dec80000)
  from space 13312K, 99% used [0x00000000dff80000,0x00000000e0c7a970,0x00000000e0c80000)
  to   space 19456K, 0% used [0x00000000dec80000,0x00000000dec80000,0x00000000dff80000)
 ParOldGen       total 62976K, used 18998K [0x0000000081c00000, 0x0000000085980000, 0x00000000d5f00000)
  object space 62976K, 30% used [0x0000000081c00000,0x0000000082e8dbe8,0x0000000085980000)
 Metaspace       used 30781K, capacity 31184K, committed 31360K, reserved 1077248K
  class space    used 3824K, capacity 3953K, committed 3968K, reserved 1048576K
}
Event: 9.402 GC heap before
{Heap before GC invocations=10 (full 1):
 PSYoungGen      total 158208K, used 140057K [0x00000000d5f00000, 0x00000000e1c80000, 0x0000000100000000)
  eden space 144896K, 87% used [0x00000000d5f00000,0x00000000ddacbc50,0x00000000dec80000)
  from space 13312K, 99% used [0x00000000dff80000,0x00000000e0c7a970,0x00000000e0c80000)
  to   space 19456K, 0% used [0x00000000dec80000,0x00000000dec80000,0x00000000dff80000)
 ParOldGen       total 62976K, used 18998K [0x0000000081c00000, 0x0000000085980000, 0x00000000d5f00000)
  object space 62976K, 30% used [0x0000000081c00000,0x0000000082e8dbe8,0x0000000085980000)
 Metaspace       used 34849K, capacity 35324K, committed 35496K, reserved 1081344K
  class space    used 4382K, capacity 4524K, committed 4608K, reserved 1048576K
Event: 9.466 GC heap after
Heap after GC invocations=10 (full 1):
 PSYoungGen      total 164352K, used 18365K [0x00000000d5f00000, 0x00000000e1c80000, 0x0000000100000000)
  eden space 144896K, 0% used [0x00000000d5f00000,0x00000000d5f00000,0x00000000dec80000)
  from space 19456K, 94% used [0x00000000dec80000,0x00000000dfe6f7d0,0x00000000dff80000)
  to   space 13312K, 0% used [0x00000000dff80000,0x00000000dff80000,0x00000000e0c80000)
 ParOldGen       total 62976K, used 20878K [0x0000000081c00000, 0x0000000085980000, 0x00000000d5f00000)
  object space 62976K, 33% used [0x0000000081c00000,0x0000000083063be8,0x0000000085980000)
 Metaspace       used 34849K, capacity 35324K, committed 35496K, reserved 1081344K
  class space    used 4382K, capacity 4524K, committed 4608K, reserved 1048576K
}
Event: 9.466 GC heap before
{Heap before GC invocations=11 (full 2):
 PSYoungGen      total 164352K, used 18365K [0x00000000d5f00000, 0x00000000e1c80000, 0x0000000100000000)
  eden space 144896K, 0% used [0x00000000d5f00000,0x00000000d5f00000,0x00000000dec80000)
  from space 19456K, 94% used [0x00000000dec80000,0x00000000dfe6f7d0,0x00000000dff80000)
  to   space 13312K, 0% used [0x00000000dff80000,0x00000000dff80000,0x00000000e0c80000)
 ParOldGen       total 62976K, used 20878K [0x0000000081c00000, 0x0000000085980000, 0x00000000d5f00000)
  object space 62976K, 33% used [0x0000000081c00000,0x0000000083063be8,0x0000000085980000)
 Metaspace       used 34849K, capacity 35324K, committed 35496K, reserved 1081344K
  class space    used 4382K, capacity 4524K, committed 4608K, reserved 1048576K
Event: 9.747 GC heap after
Heap after GC invocations=11 (full 2):
 PSYoungGen      total 164352K, used 0K [0x00000000d5f00000, 0x00000000e1c80000, 0x0000000100000000)
  eden space 144896K, 0% used [0x00000000d5f00000,0x00000000d5f00000,0x00000000dec80000)
  from space 19456K, 0% used [0x00000000dec80000,0x00000000dec80000,0x00000000dff80000)
  to   space 13312K, 0% used [0x00000000dff80000,0x00000000dff80000,0x00000000e0c80000)
 ParOldGen       total 62976K, used 30410K [0x0000000081c00000, 0x0000000085980000, 0x00000000d5f00000)
  object space 62976K, 48% used [0x0000000081c00000,0x00000000839b2a00,0x0000000085980000)
 Metaspace       used 34849K, capacity 35324K, committed 35496K, reserved 1081344K
  class space    used 4382K, capacity 4524K, committed 4608K, reserved 1048576K
}
Event: 11.299 GC heap before
{Heap before GC invocations=12 (full 2):
 PSYoungGen      total 164352K, used 144896K [0x00000000d5f00000, 0x00000000e1c80000, 0x0000000100000000)
  eden space 144896K, 100% used [0x00000000d5f00000,0x00000000dec80000,0x00000000dec80000)
  from space 19456K, 0% used [0x00000000dec80000,0x00000000dec80000,0x00000000dff80000)
  to   space 13312K, 0% used [0x00000000dff80000,0x00000000dff80000,0x00000000e0c80000)
 ParOldGen       total 62976K, used 30410K [0x0000000081c00000, 0x0000000085980000, 0x00000000d5f00000)
  object space 62976K, 48% used [0x0000000081c00000,0x00000000839b2a00,0x0000000085980000)
 Metaspace       used 37009K, capacity 37648K, committed 37888K, reserved 1083392K
  class space    used 4667K, capacity 4828K, committed 4864K, reserved 1048576K
Event: 11.320 GC heap after
Heap after GC invocations=12 (full 2):
 PSYoungGen      total 155136K, used 13299K [0x00000000d5f00000, 0x00000000e3a80000, 0x0000000100000000)
  eden space 141824K, 0% used [0x00000000d5f00000,0x00000000d5f00000,0x00000000de980000)
  from space 13312K, 99% used [0x00000000dff80000,0x00000000e0c7cca8,0x00000000e0c80000)
  to   space 22528K, 0% used [0x00000000de980000,0x00000000de980000,0x00000000dff80000)
 ParOldGen       total 62976K, used 32094K [0x0000000081c00000, 0x0000000085980000, 0x00000000d5f00000)
  object space 62976K, 50% used [0x0000000081c00000,0x0000000083b57830,0x0000000085980000)
 Metaspace       used 37009K, capacity 37648K, committed 37888K, reserved 1083392K
  class space    used 4667K, capacity 4828K, committed 4864K, reserved 1048576K
}

Deoptimization events (10 events):
Event: 11.215 Thread 0x0000000002535000 Uncommon trap: reason=null_check action=make_not_entrant pc=0x00000000032db120 method=org.springframework.util.ClassUtils.isAssignable(Ljava/lang/Class;Ljava/lang/Class;)Z @ 14
Event: 11.234 Thread 0x0000000002535000 Uncommon trap: reason=null_check action=make_not_entrant pc=0x0000000002a79de4 method=java.lang.reflect.Array.newInstance(Ljava/lang/Class;I)Ljava/lang/Object; @ 2
Event: 11.243 Thread 0x0000000002535000 Uncommon trap: reason=bimorphic action=maybe_recompile pc=0x0000000002e4b57c method=org.springframework.core.env.PropertySource.containsProperty(Ljava/lang/String;)Z @ 2
Event: 11.252 Thread 0x0000000002535000 Uncommon trap: reason=bimorphic action=maybe_recompile pc=0x0000000002e4b57c method=org.springframework.core.env.PropertySource.containsProperty(Ljava/lang/String;)Z @ 2
Event: 11.260 Thread 0x0000000002535000 Uncommon trap: reason=bimorphic action=maybe_recompile pc=0x0000000002e4b57c method=org.springframework.core.env.PropertySource.containsProperty(Ljava/lang/String;)Z @ 2
Event: 11.362 Thread 0x0000000002535000 Uncommon trap: reason=unstable_if action=reinterpret pc=0x00000000027b4bb8 method=org.springframework.util.ConcurrentReferenceHashMap$Segment.clear()V @ 4
Event: 11.362 Thread 0x0000000002535000 Uncommon trap: reason=unstable_if action=reinterpret pc=0x0000000002bbd914 method=org.springframework.util.ConcurrentReferenceHashMap$Segment.clear()V @ 4
Event: 11.426 Thread 0x0000000002535000 Uncommon trap: reason=class_check action=maybe_recompile pc=0x0000000002f2b148 method=java.util.TreeMap.put(Ljava/lang/Object;Ljava/lang/Object;)Ljava/lang/Object; @ 127
Event: 11.458 Thread 0x0000000002535000 Uncommon trap: reason=bimorphic action=maybe_recompile pc=0x0000000002c0f4e8 method=java.util.Hashtable.get(Ljava/lang/Object;)Ljava/lang/Object; @ 6
Event: 11.458 Thread 0x0000000002535000 Uncommon trap: reason=bimorphic action=maybe_recompile pc=0x0000000002c0f4e8 method=java.util.Hashtable.get(Ljava/lang/Object;)Ljava/lang/Object; @ 6

Internal exceptions (10 events):
Event: 11.212 Thread 0x0000000002535000 Exception <a 'java/lang/ClassNotFoundException': org/springframework/jmx/export/metadata/AbstractJmxAttributeCustomizer> (0x00000000de835cf0) thrown at [C:\re\workspace\8-2-build-windows-amd64-cygwin\jdk8u101\7261\hotspot\src\share\vm\classfile\systemDicti‚×E8m&@
Event: 11.213 Thread 0x0000000002535000 Exception <a 'java/lang/ClassNotFoundException': org/springframework/jmx/export/metadata/ManagedResourceCustomizer> (0x00000000de854690) thrown at [C:\re\workspace\8-2-build-windows-amd64-cygwin\jdk8u101\7261\hotspot\src\share\vm\classfile\systemDictionary•ÿ÷<¯n&@
Event: 11.216 Thread 0x0000000002535000 Exception <a 'java/lang/ClassNotFoundException': java/lang/ObjectCustomizer> (0x00000000de879168) thrown at [C:\re\workspace\8-2-build-windows-amd64-cygwin\jdk8u101\7261\hotspot\src\share\vm\classfile\systemDictionary.cpp, line 210]
Event: 11.218 Thread 0x0000000002535000 Exception <a 'java/lang/ClassNotFoundException': org/springframework/boot/actuate/endpoint/jmx/EndpointMBeanCustomizer> (0x00000000de8967e0) thrown at [C:\re\workspace\8-2-build-windows-amd64-cygwin\jdk8u101\7261\hotspot\src\share\vm\classfile\systemDictio0¿+Ë¿q&@
Event: 11.222 Thread 0x0000000002535000 Exception <a 'java/lang/ClassNotFoundException': org/springframework/boot/actuate/endpoint/jmx/DataEndpointMBeanCustomizer> (0x00000000de8d45b8) thrown at [C:\re\workspace\8-2-build-windows-amd64-cygwin\jdk8u101\7261\hotspot\src\share\vm\classfile\systemDiŽ"÷¶r&@
Event: 11.224 Thread 0x0000000002535000 Exception <a 'java/lang/ClassNotFoundException': java/lang/ObjectCustomizer> (0x00000000de8f2168) thrown at [C:\re\workspace\8-2-build-windows-amd64-cygwin\jdk8u101\7261\hotspot\src\share\vm\classfile\systemDictionary.cpp, line 210]
Event: 11.225 Thread 0x0000000002535000 Exception <a 'java/lang/ClassNotFoundException': org/springframework/jmx/export/metadata/AbstractJmxAttributeCustomizer> (0x00000000de90f778) thrown at [C:\re\workspace\8-2-build-windows-amd64-cygwin\jdk8u101\7261\hotspot\src\share\vm\classfile\systemDictiàPÁÑs&@
Event: 11.226 Thread 0x0000000002535000 Exception <a 'java/lang/ClassNotFoundException': org/springframework/jmx/export/metadata/ManagedAttributeCustomizer> (0x00000000de92da08) thrown at [C:\re\workspace\8-2-build-windows-amd64-cygwin\jdk8u101\7261\hotspot\src\share\vm\classfile\systemDictionar
Event: 11.235 Thread 0x0000000002535000 Exception <a 'java/lang/ClassNotFoundException': java/lang/ObjectCustomizer> (0x00000000de9a8460) thrown at [C:\re\workspace\8-2-build-windows-amd64-cygwin\jdk8u101\7261\hotspot\src\share\vm\classfile\systemDictionary.cpp, line 210]
Event: 11.236 Thread 0x0000000002535000 Exception <a 'java/lang/ClassNotFoundException': org/springframework/boot/actuate/endpoint/jmx/EndpointMBeanCustomizer> (0x00000000de9c5a98) thrown at [C:\re\workspace\8-2-build-windows-amd64-cygwin\jdk8u101\7261\hotspot\src\share\vm\classfile\systemDictio˜­Âl&@

Events (10 events):
Event: 11.461 loading class org/springframework/util/ConcurrentReferenceHashMap$EntryIterator
Event: 11.461 loading class org/springframework/util/ConcurrentReferenceHashMap$EntryIterator done
Event: 11.462 loading class org/springframework/boot/ApplicationRunner
Event: 11.462 loading class org/springframework/boot/ApplicationRunner done
Event: 11.463 loading class org/springframework/boot/CommandLineRunner
Event: 11.463 loading class org/springframework/boot/CommandLineRunner done
Event: 11.466 loading class org/springframework/util/StopWatch$TaskInfo
Event: 11.466 loading class org/springframework/util/StopWatch$TaskInfo done
Event: 11.467 Thread 0x0000000002535000 Thread exited: 0x0000000002535000
Event: 11.467 Thread 0x000000001e4b1800 Thread added: 0x000000001e4b1800


Dynamic libraries:
0x00007ff7221d0000 - 0x00007ff722207000 	C:\Program Files\Java\jre1.8.0_101\bin\javaw.exe
0x00007ff97dd80000 - 0x00007ff97df2a000 	C:\Windows\SYSTEM32\ntdll.dll
0x00007ff97b760000 - 0x00007ff97b89a000 	C:\Windows\system32\KERNEL32.DLL
0x00007ff97b210000 - 0x00007ff97b31f000 	C:\Windows\system32\KERNELBASE.dll
0x00007ff979bc0000 - 0x00007ff979c48000 	C:\Windows\system32\apphelp.dll
0x00007ff96bda0000 - 0x00007ff96bdef000 	C:\Windows\AppPatch\AppPatch64\AcGenral.DLL
0x00007ff97bff0000 - 0x00007ff97c097000 	C:\Windows\system32\msvcrt.dll
0x00007ff97aed0000 - 0x00007ff97aefb000 	C:\Windows\SYSTEM32\SspiCli.dll
0x00007ff97c3f0000 - 0x00007ff97c441000 	C:\Windows\system32\SHLWAPI.dll
0x00007ff97bdf0000 - 0x00007ff97bf61000 	C:\Windows\system32\USER32.dll
0x00007ff97bc70000 - 0x00007ff97bde8000 	C:\Windows\system32\ole32.dll
0x00007ff97c560000 - 0x00007ff97d980000 	C:\Windows\system32\SHELL32.dll
0x00007ff97aa80000 - 0x00007ff97aa9e000 	C:\Windows\SYSTEM32\USERENV.dll
0x00007ff97c4b0000 - 0x00007ff97c555000 	C:\Windows\system32\ADVAPI32.dll
0x00007ff973450000 - 0x00007ff97346b000 	C:\Windows\SYSTEM32\MPR.dll
0x00007ff97db60000 - 0x00007ff97dc96000 	C:\Windows\system32\RPCRT4.dll
0x00007ff97c450000 - 0x00007ff97c4a7000 	C:\Windows\SYSTEM32\sechost.dll
0x00007ff97d980000 - 0x00007ff97db56000 	C:\Windows\SYSTEM32\combase.dll
0x00007ff97c2a0000 - 0x00007ff97c3e4000 	C:\Windows\system32\GDI32.dll
0x00007ff97b0f0000 - 0x00007ff97b104000 	C:\Windows\SYSTEM32\profapi.dll
0x00007ff9794b0000 - 0x00007ff97954f000 	C:\Windows\SYSTEM32\SHCORE.dll
0x00007ff97c240000 - 0x00007ff97c274000 	C:\Windows\system32\IMM32.DLL
0x00007ff97bb30000 - 0x00007ff97bc69000 	C:\Windows\system32\MSCTF.dll
0x00007ff978c20000 - 0x00007ff978e7a000 	C:\Windows\WinSxS\amd64_microsoft.windows.common-controls_6595b64144ccf1df_6.0.9600.17031_none_6242a4b3ecbb55a1\COMCTL32.dll
0x0000000066e60000 - 0x0000000066f32000 	C:\Program Files\Java\jre1.8.0_101\bin\msvcr100.dll
0x0000000066580000 - 0x0000000066e1a000 	C:\Program Files\Java\jre1.8.0_101\bin\server\jvm.dll
0x00007ff973cf0000 - 0x00007ff973cf9000 	C:\Windows\SYSTEM32\WSOCK32.dll
0x00007ff9747a0000 - 0x00007ff9747bf000 	C:\Windows\SYSTEM32\WINMM.dll
0x00007ff974370000 - 0x00007ff97437a000 	C:\Windows\SYSTEM32\VERSION.dll
0x00007ff97bfe0000 - 0x00007ff97bfe7000 	C:\Windows\system32\PSAPI.DLL
0x00007ff97b6a0000 - 0x00007ff97b6f8000 	C:\Windows\system32\WS2_32.dll
0x00007ff974770000 - 0x00007ff97479a000 	C:\Windows\SYSTEM32\WINMMBASE.dll
0x00007ff97dca0000 - 0x00007ff97dca9000 	C:\Windows\system32\NSI.dll
0x00007ff97b1c0000 - 0x00007ff97b20a000 	C:\Windows\SYSTEM32\cfgmgr32.dll
0x00007ff979e20000 - 0x00007ff979e46000 	C:\Windows\SYSTEM32\DEVOBJ.dll
0x0000000067070000 - 0x000000006707f000 	C:\Program Files\Java\jre1.8.0_101\bin\verify.dll
0x0000000067040000 - 0x0000000067069000 	C:\Program Files\Java\jre1.8.0_101\bin\java.dll
0x0000000067020000 - 0x0000000067036000 	C:\Program Files\Java\jre1.8.0_101\bin\zip.dll
0x0000000066f90000 - 0x0000000066f9d000 	C:\Program Files\Java\jre1.8.0_101\bin\management.dll
0x0000000067000000 - 0x000000006701a000 	C:\Program Files\Java\jre1.8.0_101\bin\net.dll
0x00007ff97a900000 - 0x00007ff97a958000 	C:\Windows\system32\mswsock.dll
0x0000000066fe0000 - 0x0000000066ff1000 	C:\Program Files\Java\jre1.8.0_101\bin\nio.dll
0x00007ff968b20000 - 0x00007ff968b34000 	C:\Windows\system32\napinsp.dll
0x00007ff968b40000 - 0x00007ff968b59000 	C:\Windows\system32\pnrpnsp.dll
0x00007ff978e80000 - 0x00007ff978e99000 	C:\Windows\system32\NLAapi.dll
0x00007ff97a710000 - 0x00007ff97a7b3000 	C:\Windows\SYSTEM32\DNSAPI.dll
0x00007ff968e10000 - 0x00007ff968e1c000 	C:\Windows\System32\winrnr.dll
0x00007ff968b60000 - 0x00007ff968b73000 	C:\Windows\system32\wshbth.dll
0x00000000678f0000 - 0x0000000067916000 	C:\Program Files\Bonjour\mdnsNSP.dll
0x00007ff977640000 - 0x00007ff977669000 	C:\Windows\SYSTEM32\Iphlpapi.DLL
0x00007ff9774c0000 - 0x00007ff9774ca000 	C:\Windows\SYSTEM32\WINNSI.DLL
0x00007ff96a0a0000 - 0x00007ff96a0a9000 	C:\Windows\System32\rasadhlp.dll
0x00007ff977320000 - 0x00007ff977388000 	C:\Windows\System32\fwpuclnt.dll
0x00007ff97aaa0000 - 0x00007ff97aabe000 	C:\Windows\SYSTEM32\CRYPTSP.dll
0x00007ff97a580000 - 0x00007ff97a5b5000 	C:\Windows\system32\rsaenh.dll
0x00007ff97aba0000 - 0x00007ff97abc6000 	C:\Windows\SYSTEM32\bcrypt.dll
0x00007ff97af00000 - 0x00007ff97af60000 	C:\Windows\system32\bcryptprimitives.dll
0x00007ff97af60000 - 0x00007ff97af6a000 	C:\Windows\SYSTEM32\CRYPTBASE.dll
0x00007ff9766f0000 - 0x00007ff976704000 	C:\Windows\SYSTEM32\dhcpcsvc6.DLL
0x00007ff976f30000 - 0x00007ff976f49000 	C:\Windows\SYSTEM32\dhcpcsvc.DLL
0x0000000066fb0000 - 0x0000000066fd4000 	C:\Program Files\Java\jre1.8.0_101\bin\sunec.dll
0x0000000066fa0000 - 0x0000000066fab000 	C:\Program Files\Java\jre1.8.0_101\bin\sunmscapi.dll
0x00007ff97b420000 - 0x00007ff97b5f7000 	C:\Windows\system32\CRYPT32.dll
0x00007ff97b1a0000 - 0x00007ff97b1b2000 	C:\Windows\system32\MSASN1.dll

VM Arguments:
jvm_args: -Dspring.liveBeansView.mbeanDomain -Dcom.sun.management.jmxremote -Dcom.sun.management.jmxremote.port=51579 -Dcom.sun.management.jmxremote.authenticate=false -Dcom.sun.management.jmxremote.ssl=false -Dfile.encoding=UTF-8 
java_command: com.setec.sl10.camerashop.CameraShopSl10Application
java_class_path (initial): D:\Year 4\E-Commerce\Project\Camera Shop Spring\Github\Camera_Shop\target\classes;D:\Year 4\E-Commerce\Project\Camera Shop Spring\Github\Camera_Shop\target\test-classes;C:\Users\User\.m2\repository\org\springframework\boot\spring-boot-starter-actuator\1.4.1.RELEASE\spring-boot-starter-actuator-1.4.1.RELEASE.jar;C:\Users\User\.m2\repository\org\springframework\boot\spring-boot-actuator\1.4.1.RELEASE\spring-boot-actuator-1.4.1.RELEASE.jar;C:\Users\User\.m2\repository\org\springframework\boot\spring-boot-starter-remote-shell\1.4.1.RELEASE\spring-boot-starter-remote-shell-1.4.1.RELEASE.jar;C:\Users\User\.m2\repository\org\crashub\crash.cli\1.3.2\crash.cli-1.3.2.jar;C:\Users\User\.m2\repository\org\crashub\crash.connectors.ssh\1.3.2\crash.connectors.ssh-1.3.2.jar;C:\Users\User\.m2\repository\org\apache\sshd\sshd-core\0.11.0\sshd-core-0.11.0.jar;C:\Users\User\.m2\repository\org\apache\sshd\sshd-pam\0.11.0\sshd-pam-0.11.0.jar;C:\Users\User\.m2\repository\net\sf\jpam\jpam\1.1\jpam-1.1.jar;C:\Users\User\.m2\repository\org\bouncycastle\bcprov-jdk15on\1.51\bcprov-jdk15on-1.51.jar;C:\Users\User\.m2\repository\org\bouncycastle\bcpkix-jdk15on\1.51\bcpkix-jdk15on-1.51.jar;C:\Users\User\.m2\repository\org\apache\mina\mina-core\2.0.7\mina-core-2.0.7.jar;C:\Users\User\.m2\repository\org\crashub\crash.embed.spring\1.3.2\crash.embed.spring-1.3.2.jar;C:\Users\User\.m2\repository\org\crashub\crash.plugins.cron\1.3.2\crash.plugins.cron-1.3.2.jar;C:\Users\User\.m2\repository\it\sauronsoftware\cron4j\cron4j\2.2.5\cron4j-2.2.5.jar;C:\Users\User\.m2\repository\org\crashub\crash.plugins.mail\1.3.2\crash.plugins.mail-1.3.2.jar;C:\Users\User\.m2\repository\org\crashub\crash.shell\1.3.2\crash.shell-1.3.2.jar;C:\Users\User\.m2\repository\org\codehaus\groovy\groovy\2.4.7\groovy-2.4.7.jar;C:\Users\User\.m2\repository\com\sun\mail\javax.mail\1.5.6\javax.mail-1.5.6.jar;C:\Users\User\.m2\repository\javax\activation\activation\1.1\activation-1.1.jar;C:\Users\User\.m2\reposit
Launcher Type: SUN_STANDARD

Environment Variables:
PATH=C:/Program Files/Java/jre1.8.0_101/bin/server;C:/Program Files/Java/jre1.8.0_101/bin;C:/Program Files/Java/jre1.8.0_101/lib/amd64;C:\ProgramData\Oracle\Java\javapath;C:\Windows\system32;C:\Windows;C:\Windows\System32\Wbem;C:\Windows\System32\WindowsPowerShell\v1.0\;C:\Program Files (x86)\Intel\OpenCL SDK\2.0\bin\x86;C:\Program Files (x86)\Intel\OpenCL SDK\2.0\bin\x64;C:\Program Files (x86)\Windows Kits\8.1\Windows Performance Toolkit\;C:\Program Files\Microsoft SQL Server\110\Tools\Binn\;C:\Program Files (x86)\Microsoft SDKs\TypeScript\1.0\;C:\Program Files\Microsoft SQL Server\120\Tools\Binn\;C:\Program Files (x86)\Bitvise SSH Client;C:\Program Files (x86)\Intel\OpenCL SDK\2.0\bin\x86;C:\Program Files (x86)\Intel\OpenCL SDK\2.0\bin\x64;C:\Program Files\Intel\WiFi\bin\;C:\Program Files\Common Files\Intel\WirelessCommon\;C:\Program Files (x86)\Microsoft SQL Server\110\Tools\Binn\ManagementStudio\;C:\Program Files (x86)\Microsoft SQL Server\110\Tools\Binn\;C:\Program Files (x86)\Microsoft SQL Server\110\DTS\Binn\;C:\Program Files\Microsoft SQL Server\110\DTS\Binn\;C:\Program Files\Git\cmd;C:\Program Files (x86)\Heroku\bin;C:\Program Files (x86)\git\cmd;C:\Program Files (x86)\Git\cmd;C:\wamp64\bin\php\php5.6.16;C:\ProgramData\ComposerSetup\bin;C:\Program Files\Intel\WiFi\bin\;C:\Program Files\Common Files\Intel\WirelessCommon\;C:\Users\User\AppData\Roaming\Composer\vendor\bin;D:\KSHRD\Java\Spring\spring-tool-suite-3.6.4.RELEASE-e4.4.2-win32-x86_64\sts-bundle\sts-3.6.4.RELEASE;
USERNAME=User
OS=Windows_NT
PROCESSOR_IDENTIFIER=Intel64 Family 6 Model 42 Stepping 7, GenuineIntel



---------------  S Y S T E M  ---------------

OS: Windows 8.1 , 64 bit Build 9600 (6.3.9600.17056)

CPU:total 4 (2 cores per cpu, 2 threads per core) family 6 model 42 stepping 7, cmov, cx8, fxsr, mmx, sse, sse2, sse3, ssse3, sse4.1, sse4.2, popcnt, avx, clmul, ht, tsc, tscinvbit

Memory: 4k page, physical 8272880k(1059196k free), swap 10268304k(5700k free)

vm_info: Java HotSpot(TM) 64-Bit Server VM (25.101-b13) for windows-amd64 JRE (1.8.0_101-b13), built on Jun 22 2016 01:21:29 by "java_re" with MS VC++ 10.0 (VS2010)

time: Thu Oct 13 22:32:24 2016
elapsed time: 11 seconds (0d 0h 0m 11s)

